20:45:27.021 [ApplicationImpl pooled thread 115] INFO  c.b.l.BrowserStackRunExtension - application
20:45:27.022 [ApplicationImpl pooled thread 115] INFO  com.browserstack.utils.Helpers - null
12:46:02.908 [AWT-EventQueue-0] INFO  c.b.actions.DisableBrowserStack - Setting disable browserstack run update
12:46:02.916 [AWT-EventQueue-0] INFO  c.b.actions.EnableBrowserStack - Setting enable browserstack run update
12:47:33.110 [ApplicationImpl pooled thread 50] INFO  c.b.l.BrowserStackRunExtension - testng
12:47:33.110 [ApplicationImpl pooled thread 50] INFO  com.browserstack.utils.Helpers - null
12:47:33.110 [ApplicationImpl pooled thread 50] INFO  c.b.l.BrowserStackRunExtension - Agent path: null
12:50:02.160 [ApplicationImpl pooled thread 4] INFO  c.b.l.BrowserStackRunExtension - testng
12:50:02.161 [ApplicationImpl pooled thread 4] INFO  com.browserstack.utils.Helpers - null
12:50:02.162 [ApplicationImpl pooled thread 4] INFO  c.b.l.BrowserStackRunExtension - Agent path: null
12:59:11.502 [ApplicationImpl pooled thread 23] INFO  c.b.l.BrowserStackRunExtension - maven
12:59:11.502 [ApplicationImpl pooled thread 23] INFO  com.browserstack.utils.Helpers - null
13:39:04.364 [AWT-EventQueue-0] INFO  c.b.actions.DisableBrowserStack - Setting disable browserstack run update
13:39:04.374 [AWT-EventQueue-0] INFO  c.b.actions.EnableBrowserStack - Setting enable browserstack run update
19:34:25.693 [ApplicationImpl pooled thread 125] INFO  c.b.l.BrowserStackRunExtension - maven
19:34:25.694 [ApplicationImpl pooled thread 125] INFO  com.browserstack.utils.Helpers - null
19:40:37.458 [ApplicationImpl pooled thread 128] INFO  c.b.l.BrowserStackRunExtension - testng
19:40:37.458 [ApplicationImpl pooled thread 128] INFO  com.browserstack.utils.Helpers - null
19:40:37.458 [ApplicationImpl pooled thread 128] INFO  c.b.l.BrowserStackRunExtension - Agent path: null
19:42:12.864 [ApplicationImpl pooled thread 142] INFO  c.b.l.BrowserStackRunExtension - testng
19:42:12.864 [ApplicationImpl pooled thread 142] INFO  com.browserstack.utils.Helpers - null
19:42:12.864 [ApplicationImpl pooled thread 142] INFO  c.b.l.BrowserStackRunExtension - Agent path: null
19:46:23.810 [ApplicationImpl pooled thread 146] INFO  c.b.l.BrowserStackRunExtension - testng
19:46:23.810 [ApplicationImpl pooled thread 146] INFO  com.browserstack.utils.Helpers - null
19:46:23.810 [ApplicationImpl pooled thread 146] INFO  c.b.l.BrowserStackRunExtension - Agent path: null
19:50:26.727 [ApplicationImpl pooled thread 139] INFO  c.b.l.BrowserStackRunExtension - testng
19:50:26.727 [ApplicationImpl pooled thread 139] INFO  com.browserstack.utils.Helpers - null
19:50:26.727 [ApplicationImpl pooled thread 139] INFO  c.b.l.BrowserStackRunExtension - Agent path: null
19:51:17.508 [ApplicationImpl pooled thread 143] INFO  c.b.l.BrowserStackRunExtension - maven
19:51:17.508 [ApplicationImpl pooled thread 143] INFO  com.browserstack.utils.Helpers - null
19:54:40.773 [ApplicationImpl pooled thread 152] INFO  c.b.l.BrowserStackRunExtension - testng
19:54:40.773 [ApplicationImpl pooled thread 152] INFO  com.browserstack.utils.Helpers - null
19:54:40.774 [ApplicationImpl pooled thread 152] INFO  c.b.l.BrowserStackRunExtension - Agent path: null
19:57:27.163 [ApplicationImpl pooled thread 159] INFO  c.b.l.BrowserStackRunExtension - testng
19:57:27.163 [ApplicationImpl pooled thread 159] INFO  com.browserstack.utils.Helpers - null
19:57:27.164 [ApplicationImpl pooled thread 159] INFO  c.b.l.BrowserStackRunExtension - Agent path: null
19:59:47.324 [ApplicationImpl pooled thread 163] INFO  c.b.l.BrowserStackRunExtension - testng
19:59:47.324 [ApplicationImpl pooled thread 163] INFO  com.browserstack.utils.Helpers - null
19:59:47.324 [ApplicationImpl pooled thread 163] INFO  c.b.l.BrowserStackRunExtension - Agent path: null
20:02:47.486 [ApplicationImpl pooled thread 172] INFO  c.b.l.BrowserStackRunExtension - testng
20:02:47.486 [ApplicationImpl pooled thread 172] INFO  com.browserstack.utils.Helpers - null
20:02:47.487 [ApplicationImpl pooled thread 172] INFO  c.b.l.BrowserStackRunExtension - Agent path: null
20:05:59.213 [ApplicationImpl pooled thread 172] INFO  c.b.l.BrowserStackRunExtension - testng
20:05:59.214 [ApplicationImpl pooled thread 172] INFO  com.browserstack.utils.Helpers - null
20:05:59.214 [ApplicationImpl pooled thread 172] INFO  c.b.l.BrowserStackRunExtension - Agent path: null
20:07:20.648 [ApplicationImpl pooled thread 173] INFO  c.b.l.BrowserStackRunExtension - testng
20:07:20.648 [ApplicationImpl pooled thread 173] INFO  com.browserstack.utils.Helpers - null
20:07:20.648 [ApplicationImpl pooled thread 173] INFO  c.b.l.BrowserStackRunExtension - Agent path: null
20:09:20.122 [ApplicationImpl pooled thread 180] INFO  c.b.l.BrowserStackRunExtension - testng
20:09:20.122 [ApplicationImpl pooled thread 180] INFO  com.browserstack.utils.Helpers - null
20:09:20.122 [ApplicationImpl pooled thread 180] INFO  c.b.l.BrowserStackRunExtension - Agent path: null
20:14:57.811 [ApplicationImpl pooled thread 191] INFO  c.b.l.BrowserStackRunExtension - testng
20:14:57.811 [ApplicationImpl pooled thread 191] INFO  com.browserstack.utils.Helpers - null
20:14:57.811 [ApplicationImpl pooled thread 191] INFO  c.b.l.BrowserStackRunExtension - Agent path: null
20:19:09.981 [ApplicationImpl pooled thread 187] INFO  c.b.l.BrowserStackRunExtension - testng
20:19:09.981 [ApplicationImpl pooled thread 187] INFO  com.browserstack.utils.Helpers - null
20:19:09.981 [ApplicationImpl pooled thread 187] INFO  c.b.l.BrowserStackRunExtension - Agent path: null
20:19:47.230 [ApplicationImpl pooled thread 187] INFO  c.b.l.BrowserStackRunExtension - maven
20:19:47.231 [ApplicationImpl pooled thread 187] INFO  com.browserstack.utils.Helpers - null
20:21:18.353 [ApplicationImpl pooled thread 198] INFO  c.b.l.BrowserStackRunExtension - testng
20:21:18.353 [ApplicationImpl pooled thread 198] INFO  com.browserstack.utils.Helpers - null
20:21:18.353 [ApplicationImpl pooled thread 198] INFO  c.b.l.BrowserStackRunExtension - Agent path: null
20:33:26.027 [ApplicationImpl pooled thread 203] INFO  c.b.l.BrowserStackRunExtension - testng
20:33:26.027 [ApplicationImpl pooled thread 203] INFO  com.browserstack.utils.Helpers - null
20:33:26.027 [ApplicationImpl pooled thread 203] INFO  c.b.l.BrowserStackRunExtension - Agent path: null
20:45:43.247 [ApplicationImpl pooled thread 208] INFO  c.b.l.BrowserStackRunExtension - testng
20:45:43.247 [ApplicationImpl pooled thread 208] INFO  com.browserstack.utils.Helpers - null
20:45:43.249 [ApplicationImpl pooled thread 208] INFO  c.b.l.BrowserStackRunExtension - Agent path: null
20:46:19.287 [ApplicationImpl pooled thread 206] INFO  c.b.l.BrowserStackRunExtension - testng
20:46:19.287 [ApplicationImpl pooled thread 206] INFO  com.browserstack.utils.Helpers - null
20:46:19.287 [ApplicationImpl pooled thread 206] INFO  c.b.l.BrowserStackRunExtension - Agent path: null
20:47:11.248 [ApplicationImpl pooled thread 207] INFO  c.b.l.BrowserStackRunExtension - testng
20:47:11.248 [ApplicationImpl pooled thread 207] INFO  com.browserstack.utils.Helpers - null
20:47:11.249 [ApplicationImpl pooled thread 207] INFO  c.b.l.BrowserStackRunExtension - Agent path: null
20:48:19.569 [ApplicationImpl pooled thread 209] INFO  c.b.l.BrowserStackRunExtension - testng
20:48:19.569 [ApplicationImpl pooled thread 209] INFO  com.browserstack.utils.Helpers - null
20:48:19.569 [ApplicationImpl pooled thread 209] INFO  c.b.l.BrowserStackRunExtension - Agent path: null
20:48:52.162 [ApplicationImpl pooled thread 206] INFO  c.b.l.BrowserStackRunExtension - testng
20:48:52.162 [ApplicationImpl pooled thread 206] INFO  com.browserstack.utils.Helpers - null
20:48:52.163 [ApplicationImpl pooled thread 206] INFO  c.b.l.BrowserStackRunExtension - Agent path: null
20:54:28.857 [ApplicationImpl pooled thread 213] INFO  c.b.l.BrowserStackRunExtension - testng
20:54:28.857 [ApplicationImpl pooled thread 213] INFO  com.browserstack.utils.Helpers - null
20:54:28.857 [ApplicationImpl pooled thread 213] INFO  c.b.l.BrowserStackRunExtension - Agent path: null
20:57:28.784 [ApplicationImpl pooled thread 222] INFO  c.b.l.BrowserStackRunExtension - testng
20:57:28.784 [ApplicationImpl pooled thread 222] INFO  com.browserstack.utils.Helpers - null
20:57:28.785 [ApplicationImpl pooled thread 222] INFO  c.b.l.BrowserStackRunExtension - Agent path: null
15:08:34.717 [AWT-EventQueue-0] INFO  c.b.actions.DisableBrowserStack - Setting disable browserstack run update
15:08:34.721 [AWT-EventQueue-0] INFO  c.b.actions.EnableBrowserStack - Setting enable browserstack run update
15:09:59.980 [ApplicationImpl pooled thread 6] INFO  c.b.l.BrowserStackRunExtension - testng
15:09:59.980 [ApplicationImpl pooled thread 6] INFO  com.browserstack.utils.Helpers - null
15:09:59.980 [ApplicationImpl pooled thread 6] INFO  c.b.l.BrowserStackRunExtension - Agent path: null
15:11:41.179 [ApplicationImpl pooled thread 16] INFO  c.b.l.BrowserStackRunExtension - testng
15:11:41.179 [ApplicationImpl pooled thread 16] INFO  com.browserstack.utils.Helpers - null
15:11:41.179 [ApplicationImpl pooled thread 16] INFO  c.b.l.BrowserStackRunExtension - Agent path: null
15:12:53.845 [ApplicationImpl pooled thread 16] INFO  c.b.l.BrowserStackRunExtension - testng
15:12:53.845 [ApplicationImpl pooled thread 16] INFO  com.browserstack.utils.Helpers - null
15:12:53.846 [ApplicationImpl pooled thread 16] INFO  c.b.l.BrowserStackRunExtension - Agent path: null
15:13:39.862 [ApplicationImpl pooled thread 30] INFO  c.b.l.BrowserStackRunExtension - testng
15:13:39.862 [ApplicationImpl pooled thread 30] INFO  com.browserstack.utils.Helpers - null
15:13:39.862 [ApplicationImpl pooled thread 30] INFO  c.b.l.BrowserStackRunExtension - Agent path: null
15:15:29.569 [ApplicationImpl pooled thread 30] INFO  c.b.l.BrowserStackRunExtension - testng
15:15:29.569 [ApplicationImpl pooled thread 30] INFO  com.browserstack.utils.Helpers - null
15:15:29.569 [ApplicationImpl pooled thread 30] INFO  c.b.l.BrowserStackRunExtension - Agent path: null
15:16:42.088 [ApplicationImpl pooled thread 6] INFO  c.b.l.BrowserStackRunExtension - testng
15:16:42.088 [ApplicationImpl pooled thread 6] INFO  com.browserstack.utils.Helpers - null
15:16:42.088 [ApplicationImpl pooled thread 6] INFO  c.b.l.BrowserStackRunExtension - Agent path: null
16:52:47.808 [ApplicationImpl pooled thread 83] INFO  c.b.l.BrowserStackRunExtension - testng
16:52:47.808 [ApplicationImpl pooled thread 83] INFO  com.browserstack.utils.Helpers - null
16:52:47.808 [ApplicationImpl pooled thread 83] INFO  c.b.l.BrowserStackRunExtension - Agent path: null
17:00:15.504 [ApplicationImpl pooled thread 87] INFO  c.b.l.BrowserStackRunExtension - testng
17:00:15.504 [ApplicationImpl pooled thread 87] INFO  com.browserstack.utils.Helpers - null
17:00:15.505 [ApplicationImpl pooled thread 87] INFO  c.b.l.BrowserStackRunExtension - Agent path: null
17:01:34.440 [ApplicationImpl pooled thread 88] INFO  c.b.l.BrowserStackRunExtension - testng
17:01:34.440 [ApplicationImpl pooled thread 88] INFO  com.browserstack.utils.Helpers - null
17:01:34.440 [ApplicationImpl pooled thread 88] INFO  c.b.l.BrowserStackRunExtension - Agent path: null
17:02:32.417 [ApplicationImpl pooled thread 92] INFO  c.b.l.BrowserStackRunExtension - testng
17:02:32.417 [ApplicationImpl pooled thread 92] INFO  com.browserstack.utils.Helpers - null
17:02:32.418 [ApplicationImpl pooled thread 92] INFO  c.b.l.BrowserStackRunExtension - Agent path: null
17:06:06.708 [ApplicationImpl pooled thread 97] INFO  c.b.l.BrowserStackRunExtension - testng
17:06:06.708 [ApplicationImpl pooled thread 97] INFO  com.browserstack.utils.Helpers - null
17:06:06.709 [ApplicationImpl pooled thread 97] INFO  c.b.l.BrowserStackRunExtension - Agent path: null
17:26:04.696 [ApplicationImpl pooled thread 130] INFO  c.b.l.BrowserStackRunExtension - testng
17:26:04.696 [ApplicationImpl pooled thread 130] INFO  com.browserstack.utils.Helpers - null
17:26:04.697 [ApplicationImpl pooled thread 130] INFO  c.b.l.BrowserStackRunExtension - Agent path: null
17:26:41.187 [ApplicationImpl pooled thread 137] INFO  c.b.l.BrowserStackRunExtension - testng
17:26:41.187 [ApplicationImpl pooled thread 137] INFO  com.browserstack.utils.Helpers - null
17:26:41.187 [ApplicationImpl pooled thread 137] INFO  c.b.l.BrowserStackRunExtension - Agent path: null
17:38:50.278 [ApplicationImpl pooled thread 140] INFO  c.b.l.BrowserStackRunExtension - testng
17:38:50.278 [ApplicationImpl pooled thread 140] INFO  com.browserstack.utils.Helpers - null
17:38:50.278 [ApplicationImpl pooled thread 140] INFO  c.b.l.BrowserStackRunExtension - Agent path: null
18:20:48.474 [ApplicationImpl pooled thread 155] INFO  c.b.l.BrowserStackRunExtension - testng
18:20:48.474 [ApplicationImpl pooled thread 155] INFO  com.browserstack.utils.Helpers - null
18:20:48.475 [ApplicationImpl pooled thread 155] INFO  c.b.l.BrowserStackRunExtension - Agent path: null
18:21:42.732 [ApplicationImpl pooled thread 160] INFO  c.b.l.BrowserStackRunExtension - testng
18:21:42.732 [ApplicationImpl pooled thread 160] INFO  com.browserstack.utils.Helpers - null
18:21:42.732 [ApplicationImpl pooled thread 160] INFO  c.b.l.BrowserStackRunExtension - Agent path: null
18:28:24.409 [ApplicationImpl pooled thread 158] INFO  c.b.l.BrowserStackRunExtension - testng
18:28:24.409 [ApplicationImpl pooled thread 158] INFO  com.browserstack.utils.Helpers - null
18:28:24.409 [ApplicationImpl pooled thread 158] INFO  c.b.l.BrowserStackRunExtension - Agent path: null
18:28:58.135 [ApplicationImpl pooled thread 158] INFO  c.b.l.BrowserStackRunExtension - testng
18:28:58.135 [ApplicationImpl pooled thread 158] INFO  com.browserstack.utils.Helpers - null
18:28:58.135 [ApplicationImpl pooled thread 158] INFO  c.b.l.BrowserStackRunExtension - Agent path: null
18:30:27.846 [ApplicationImpl pooled thread 165] INFO  c.b.l.BrowserStackRunExtension - testng
18:30:27.846 [ApplicationImpl pooled thread 165] INFO  com.browserstack.utils.Helpers - null
18:30:27.846 [ApplicationImpl pooled thread 165] INFO  c.b.l.BrowserStackRunExtension - Agent path: null
18:31:52.204 [ApplicationImpl pooled thread 169] INFO  c.b.l.BrowserStackRunExtension - testng
18:31:52.204 [ApplicationImpl pooled thread 169] INFO  com.browserstack.utils.Helpers - null
18:31:52.204 [ApplicationImpl pooled thread 169] INFO  c.b.l.BrowserStackRunExtension - Agent path: null
18:33:19.191 [ApplicationImpl pooled thread 165] INFO  c.b.l.BrowserStackRunExtension - testng
18:33:19.192 [ApplicationImpl pooled thread 165] INFO  com.browserstack.utils.Helpers - null
18:33:19.192 [ApplicationImpl pooled thread 165] INFO  c.b.l.BrowserStackRunExtension - Agent path: null
18:38:02.895 [ApplicationImpl pooled thread 177] INFO  c.b.l.BrowserStackRunExtension - testng
18:38:02.895 [ApplicationImpl pooled thread 177] INFO  com.browserstack.utils.Helpers - null
18:38:02.897 [ApplicationImpl pooled thread 177] INFO  c.b.l.BrowserStackRunExtension - Agent path: null
18:43:58.352 [ApplicationImpl pooled thread 185] INFO  c.b.l.BrowserStackRunExtension - testng
18:43:58.352 [ApplicationImpl pooled thread 185] INFO  com.browserstack.utils.Helpers - null
18:43:58.353 [ApplicationImpl pooled thread 185] INFO  c.b.l.BrowserStackRunExtension - Agent path: null
18:53:36.565 [ApplicationImpl pooled thread 180] INFO  c.b.l.BrowserStackRunExtension - testng
18:53:36.565 [ApplicationImpl pooled thread 180] INFO  com.browserstack.utils.Helpers - null
18:53:36.565 [ApplicationImpl pooled thread 180] INFO  c.b.l.BrowserStackRunExtension - Agent path: null
